0 info it worked if it ends with ok
1 verbose cli [ 'C:\\Program Files\\nodejs\\node.exe',
1 verbose cli   'C:\\Program Files\\nodejs\\node_modules\\npm\\bin\\npm-cli.js',
1 verbose cli   'install',
1 verbose cli   'lite-server',
1 verbose cli   '--save-dev' ]
2 info using npm@1.3.21
3 info using node@v4.2.1
4 error Failed to parse json
4 error Unexpected token /
5 error File: C:\Dev\Angular2\package.json
6 error Failed to parse package.json data.
6 error package.json must be actual JSON, not just JavaScript.
6 error
6 error This is not a bug in npm.
6 error Tell the package author to fix their package.json file. JSON.parse
7 error System Windows_NT 6.1.7601
8 error command "C:\\Program Files\\nodejs\\node.exe" "C:\\Program Files\\nodejs\\node_modules\\npm\\bin\\npm-cli.js" "install" "lite-server" "--save-dev"
9 error cwd C:\Dev\Angular2
10 error node -v v4.2.1
11 error npm -v 1.3.21
12 error file C:\Dev\Angular2\package.json
13 error code EJSONPARSE
14 verbose exit [ 1, true ]
